timestamp: 2018-06-21T19:01:12.166975
CREATE TABLE "auth_user"(
    "id" INTEGER PRIMARY KEY AUTOINCREMENT,
    "first_name" CHAR(128),
    "last_name" CHAR(128),
    "email" CHAR(512),
    "password" CHAR(512),
    "registration_key" CHAR(512),
    "reset_password_key" CHAR(512),
    "registration_id" CHAR(512)
);
timestamp: 2018-06-21T19:02:57.316135
CREATE TABLE "auth_user"(
    "id" INTEGER PRIMARY KEY AUTOINCREMENT,
    "first_name" CHAR(128),
    "last_name" CHAR(128),
    "email" CHAR(512),
    "password" CHAR(512),
    "registration_key" CHAR(512),
    "reset_password_key" CHAR(512),
    "registration_id" CHAR(512)
);
timestamp: 2018-06-21T20:19:28.861589
CREATE TABLE "movimiento"(
    "id" INTEGER PRIMARY KEY AUTOINCREMENT,
    "expediente_id" INTEGER REFERENCES "expediente" ("id") ON DELETE CASCADE  ,
    "estado" CHAR(2),
    "titulo" CHAR(150),
    "texto" TEXT,
    "archivo" CHAR(512),
    "is_active" CHAR(1),
    "created_on" TIMESTAMP,
    "created_by" INTEGER REFERENCES "auth_user" ("id") ON DELETE CASCADE  ,
    "modified_on" TIMESTAMP,
    "modified_by" INTEGER REFERENCES "auth_user" ("id") ON DELETE CASCADE  
);
success!
success!
